[2019-03-05 13:20:53,091] ERROR Failed to access checkpoint file cleaner-offset-checkpoint in dir /tmp/kafka-logs (kafka.log.LogCleaner)
org.apache.kafka.common.errors.KafkaStorageException: Error while reading checkpoint file /tmp/kafka-logs/cleaner-offset-checkpoint
Caused by: java.nio.file.NoSuchFileException: /tmp/kafka-logs/cleaner-offset-checkpoint
	at sun.nio.fs.UnixException.translateToIOException(UnixException.java:86)
	at sun.nio.fs.UnixException.rethrowAsIOException(UnixException.java:102)
	at sun.nio.fs.UnixException.rethrowAsIOException(UnixException.java:107)
	at sun.nio.fs.UnixFileSystemProvider.newByteChannel(UnixFileSystemProvider.java:214)
	at java.nio.file.Files.newByteChannel(Files.java:361)
	at java.nio.file.Files.newByteChannel(Files.java:407)
	at java.nio.file.spi.FileSystemProvider.newInputStream(FileSystemProvider.java:384)
	at java.nio.file.Files.newInputStream(Files.java:152)
	at java.nio.file.Files.newBufferedReader(Files.java:2784)
	at java.nio.file.Files.newBufferedReader(Files.java:2816)
	at kafka.server.checkpoints.CheckpointFile.liftedTree2$1(CheckpointFile.scala:87)
	at kafka.server.checkpoints.CheckpointFile.read(CheckpointFile.scala:86)
	at kafka.server.checkpoints.OffsetCheckpointFile.read(OffsetCheckpointFile.scala:61)
	at kafka.log.LogCleanerManager$$anonfun$allCleanerCheckpoints$1$$anonfun$apply$1.apply(LogCleanerManager.scala:140)
	at kafka.log.LogCleanerManager$$anonfun$allCleanerCheckpoints$1$$anonfun$apply$1.apply(LogCleanerManager.scala:138)
	at scala.collection.TraversableLike$$anonfun$flatMap$1.apply(TraversableLike.scala:241)
	at scala.collection.TraversableLike$$anonfun$flatMap$1.apply(TraversableLike.scala:241)
	at scala.collection.Iterator$class.foreach(Iterator.scala:891)
	at scala.collection.AbstractIterator.foreach(Iterator.scala:1334)
	at scala.collection.MapLike$DefaultValuesIterable.foreach(MapLike.scala:206)
	at scala.collection.TraversableLike$class.flatMap(TraversableLike.scala:241)
	at scala.collection.AbstractTraversable.flatMap(Traversable.scala:104)
	at kafka.log.LogCleanerManager$$anonfun$allCleanerCheckpoints$1.apply(LogCleanerManager.scala:138)
	at kafka.log.LogCleanerManager$$anonfun$allCleanerCheckpoints$1.apply(LogCleanerManager.scala:146)
	at kafka.utils.CoreUtils$.inLock(CoreUtils.scala:251)
	at kafka.log.LogCleanerManager.allCleanerCheckpoints(LogCleanerManager.scala:137)
	at kafka.log.LogCleanerManager$$anonfun$grabFilthiestCompactedLog$1.apply(LogCleanerManager.scala:177)
	at kafka.log.LogCleanerManager$$anonfun$grabFilthiestCompactedLog$1.apply(LogCleanerManager.scala:174)
	at kafka.utils.CoreUtils$.inLock(CoreUtils.scala:251)
	at kafka.log.LogCleanerManager.grabFilthiestCompactedLog(LogCleanerManager.scala:174)
	at kafka.log.LogCleaner$CleanerThread.cleanFilthiestLog(LogCleaner.scala:313)
	at kafka.log.LogCleaner$CleanerThread.doWork(LogCleaner.scala:300)
	at kafka.utils.ShutdownableThread.run(ShutdownableThread.scala:82)
[2019-03-05 13:21:43,978] INFO Starting the log cleaner (kafka.log.LogCleaner)
[2019-03-05 13:21:44,301] INFO [kafka-log-cleaner-thread-0]: Starting (kafka.log.LogCleaner)
[2019-03-05 13:35:44,274] INFO Starting the log cleaner (kafka.log.LogCleaner)
[2019-03-05 13:35:44,583] INFO [kafka-log-cleaner-thread-0]: Starting (kafka.log.LogCleaner)
[2019-03-05 13:42:29,825] ERROR Failed to access checkpoint file cleaner-offset-checkpoint in dir /tmp/kafka-logs (kafka.log.LogCleaner)
org.apache.kafka.common.errors.KafkaStorageException: Error while reading checkpoint file /tmp/kafka-logs/cleaner-offset-checkpoint
Caused by: java.nio.file.NoSuchFileException: /tmp/kafka-logs/cleaner-offset-checkpoint
	at sun.nio.fs.UnixException.translateToIOException(UnixException.java:86)
	at sun.nio.fs.UnixException.rethrowAsIOException(UnixException.java:102)
	at sun.nio.fs.UnixException.rethrowAsIOException(UnixException.java:107)
	at sun.nio.fs.UnixFileSystemProvider.newByteChannel(UnixFileSystemProvider.java:214)
	at java.nio.file.Files.newByteChannel(Files.java:361)
	at java.nio.file.Files.newByteChannel(Files.java:407)
	at java.nio.file.spi.FileSystemProvider.newInputStream(FileSystemProvider.java:384)
	at java.nio.file.Files.newInputStream(Files.java:152)
	at java.nio.file.Files.newBufferedReader(Files.java:2784)
	at java.nio.file.Files.newBufferedReader(Files.java:2816)
	at kafka.server.checkpoints.CheckpointFile.liftedTree2$1(CheckpointFile.scala:87)
	at kafka.server.checkpoints.CheckpointFile.read(CheckpointFile.scala:86)
	at kafka.server.checkpoints.OffsetCheckpointFile.read(OffsetCheckpointFile.scala:61)
	at kafka.log.LogCleanerManager$$anonfun$allCleanerCheckpoints$1$$anonfun$apply$1.apply(LogCleanerManager.scala:140)
	at kafka.log.LogCleanerManager$$anonfun$allCleanerCheckpoints$1$$anonfun$apply$1.apply(LogCleanerManager.scala:138)
	at scala.collection.TraversableLike$$anonfun$flatMap$1.apply(TraversableLike.scala:241)
	at scala.collection.TraversableLike$$anonfun$flatMap$1.apply(TraversableLike.scala:241)
	at scala.collection.Iterator$class.foreach(Iterator.scala:891)
	at scala.collection.AbstractIterator.foreach(Iterator.scala:1334)
	at scala.collection.MapLike$DefaultValuesIterable.foreach(MapLike.scala:206)
	at scala.collection.TraversableLike$class.flatMap(TraversableLike.scala:241)
	at scala.collection.AbstractTraversable.flatMap(Traversable.scala:104)
	at kafka.log.LogCleanerManager$$anonfun$allCleanerCheckpoints$1.apply(LogCleanerManager.scala:138)
	at kafka.log.LogCleanerManager$$anonfun$allCleanerCheckpoints$1.apply(LogCleanerManager.scala:146)
	at kafka.utils.CoreUtils$.inLock(CoreUtils.scala:251)
	at kafka.log.LogCleanerManager.allCleanerCheckpoints(LogCleanerManager.scala:137)
	at kafka.log.LogCleanerManager$$anonfun$grabFilthiestCompactedLog$1.apply(LogCleanerManager.scala:177)
	at kafka.log.LogCleanerManager$$anonfun$grabFilthiestCompactedLog$1.apply(LogCleanerManager.scala:174)
	at kafka.utils.CoreUtils$.inLock(CoreUtils.scala:251)
	at kafka.log.LogCleanerManager.grabFilthiestCompactedLog(LogCleanerManager.scala:174)
	at kafka.log.LogCleaner$CleanerThread.cleanFilthiestLog(LogCleaner.scala:313)
	at kafka.log.LogCleaner$CleanerThread.doWork(LogCleaner.scala:300)
	at kafka.utils.ShutdownableThread.run(ShutdownableThread.scala:82)
[2019-03-05 13:43:17,920] INFO Starting the log cleaner (kafka.log.LogCleaner)
[2019-03-05 13:43:18,480] INFO [kafka-log-cleaner-thread-0]: Starting (kafka.log.LogCleaner)
[2019-03-05 13:43:22,588] INFO Starting the log cleaner (kafka.log.LogCleaner)
[2019-03-05 13:43:22,983] INFO [kafka-log-cleaner-thread-0]: Starting (kafka.log.LogCleaner)
